# JRE version: Java(TM) SE Runtime Environment (8.0_144-b01) (build 1.8.0_144-b01)
# Java VM: Java HotSpot(TM) 64-Bit Server VM (25.144-b01 mixed mode bsd-amd64 compressed oops)
Heap:
 PSYoungGen      total 76288K, used 63657K [0x000000076ab00000, 0x0000000770000000, 0x00000007c0000000)
  eden space 65536K, 84% used [0x000000076ab00000,0x000000076e137848,0x000000076eb00000)
  from space 10752K, 75% used [0x000000076eb00000,0x000000076f2f2bd8,0x000000076f580000)
  to   space 10752K, 0% used [0x000000076f580000,0x000000076f580000,0x0000000770000000)
 ParOldGen       total 82944K, used 12035K [0x00000006c0000000, 0x00000006c5100000, 0x000000076ab00000)
  object space 82944K, 14% used [0x00000006c0000000,0x00000006c0bc0ec0,0x00000006c5100000)
 Metaspace       used 32768K, capacity 34524K, committed 34688K, reserved 1079296K
  class space    used 4376K, capacity 4713K, committed 4736K, reserved 1048576K
GC Heap History (8 events):
Event: 2.335 GC heap before
{Heap before GC invocations=1 (full 0):
 PSYoungGen      total 76288K, used 64349K [0x000000076ab00000, 0x0000000770000000, 0x00000007c0000000)
  eden space 65536K, 98% used [0x000000076ab00000,0x000000076e9d7600,0x000000076eb00000)
  from space 10752K, 0% used [0x000000076f580000,0x000000076f580000,0x0000000770000000)
  to   space 10752K, 0% used [0x000000076eb00000,0x000000076eb00000,0x000000076f580000)
 ParOldGen       total 175104K, used 0K [0x00000006c0000000, 0x00000006cab00000, 0x000000076ab00000)
  object space 175104K, 0% used [0x00000006c0000000,0x00000006c0000000,0x00000006cab00000)
 Metaspace       used 17551K, capacity 18826K, committed 19072K, reserved 1064960K
  class space    used 2642K, capacity 2864K, committed 2944K, reserved 1048576K
Event: 2.345 GC heap after
Heap after GC invocations=1 (full 0):
 PSYoungGen      total 76288K, used 6415K [0x000000076ab00000, 0x0000000770000000, 0x00000007c0000000)
  eden space 65536K, 0% used [0x000000076ab00000,0x000000076ab00000,0x000000076eb00000)
  from space 10752K, 59% used [0x000000076eb00000,0x000000076f143f08,0x000000076f580000)
  to   space 10752K, 0% used [0x000000076f580000,0x000000076f580000,0x0000000770000000)
 ParOldGen       total 175104K, used 80K [0x00000006c0000000, 0x00000006cab00000, 0x000000076ab00000)
  object space 175104K, 0% used [0x00000006c0000000,0x00000006c0014010,0x00000006cab00000)
 Metaspace       used 17551K, capacity 18826K, committed 19072K, reserved 1064960K
  class space    used 2642K, capacity 2864K, committed 2944K, reserved 1048576K
}
Event: 13.245 GC heap before
{Heap before GC invocations=2 (full 0):
 PSYoungGen      total 76288K, used 28137K [0x000000076ab00000, 0x0000000770000000, 0x00000007c0000000)
  eden space 65536K, 33% used [0x000000076ab00000,0x000000076c036720,0x000000076eb00000)
  from space 10752K, 59% used [0x000000076eb00000,0x000000076f143f08,0x000000076f580000)
  to   space 10752K, 0% used [0x000000076f580000,0x000000076f580000,0x0000000770000000)
 ParOldGen       total 175104K, used 80K [0x00000006c0000000, 0x00000006cab00000, 0x000000076ab00000)
  object space 175104K, 0% used [0x00000006c0000000,0x00000006c0014010,0x00000006cab00000)
 Metaspace       used 19804K, capacity 21160K, committed 21296K, reserved 1067008K
  class space    used 2839K, capacity 3119K, committed 3200K, reserved 1048576K
Event: 13.260 GC heap after
Heap after GC invocations=2 (full 0):
 PSYoungGen      total 76288K, used 10080K [0x000000076ab00000, 0x0000000770000000, 0x00000007c0000000)
  eden space 65536K, 0% used [0x000000076ab00000,0x000000076ab00000,0x000000076eb00000)
  from space 10752K, 93% used [0x000000076f580000,0x000000076ff580b8,0x0000000770000000)
  to   space 10752K, 0% used [0x000000076eb00000,0x000000076eb00000,0x000000076f580000)
 ParOldGen       total 175104K, used 4024K [0x00000006c0000000, 0x00000006cab00000, 0x000000076ab00000)
  object space 175104K, 2% used [0x00000006c0000000,0x00000006c03ee030,0x00000006cab00000)
 Metaspace       used 19804K, capacity 21160K, committed 21296K, reserved 1067008K
  class space    used 2839K, capacity 3119K, committed 3200K, reserved 1048576K
}
Event: 13.260 GC heap before
{Heap before GC invocations=3 (full 1):
 PSYoungGen      total 76288K, used 10080K [0x000000076ab00000, 0x0000000770000000, 0x00000007c0000000)
  eden space 65536K, 0% used [0x000000076ab00000,0x000000076ab00000,0x000000076eb00000)
  from space 10752K, 93% used [0x000000076f580000,0x000000076ff580b8,0x0000000770000000)
  to   space 10752K, 0% used [0x000000076eb00000,0x000000076eb00000,0x000000076f580000)
 ParOldGen       total 175104K, used 4024K [0x00000006c0000000, 0x00000006cab00000, 0x000000076ab00000)
  object space 175104K, 2% used [0x00000006c0000000,0x00000006c03ee030,0x00000006cab00000)
 Metaspace       used 19804K, capacity 21160K, committed 21296K, reserved 1067008K
  class space    used 2839K, capacity 3119K, committed 3200K, reserved 1048576K
Event: 13.304 GC heap after
Heap after GC invocations=3 (full 1):
 PSYoungGen      total 76288K, used 0K [0x000000076ab00000, 0x0000000770000000, 0x00000007c0000000)
  eden space 65536K, 0% used [0x000000076ab00000,0x000000076ab00000,0x000000076eb00000)
  from space 10752K, 0% used [0x000000076f580000,0x000000076f580000,0x0000000770000000)
  to   space 10752K, 0% used [0x000000076eb00000,0x000000076eb00000,0x000000076f580000)
 ParOldGen       total 82944K, used 12027K [0x00000006c0000000, 0x00000006c5100000, 0x000000076ab00000)
  object space 82944K, 14% used [0x00000006c0000000,0x00000006c0bbeec0,0x00000006c5100000)
 Metaspace       used 19804K, capacity 21160K, committed 21296K, reserved 1067008K
  class space    used 2839K, capacity 3119K, committed 3200K, reserved 1048576K
}
Event: 95.990 GC heap before
{Heap before GC invocations=4 (full 1):
 PSYoungGen      total 76288K, used 65536K [0x000000076ab00000, 0x0000000770000000, 0x00000007c0000000)
  eden space 65536K, 100% used [0x000000076ab00000,0x000000076eb00000,0x000000076eb00000)
  from space 10752K, 0% used [0x000000076f580000,0x000000076f580000,0x0000000770000000)
  to   space 10752K, 0% used [0x000000076eb00000,0x000000076eb00000,0x000000076f580000)
 ParOldGen       total 82944K, used 12027K [0x00000006c0000000, 0x00000006c5100000, 0x000000076ab00000)
  object space 82944K, 14% used [0x00000006c0000000,0x00000006c0bbeec0,0x00000006c5100000)
 Metaspace       used 30730K, capacity 32402K, committed 32512K, reserved 1077248K
  class space    used 4173K, capacity 4518K, committed 4608K, reserved 1048576K
Event: 96.006 GC heap after
Heap after GC invocations=4 (full 1):
 PSYoungGen      total 76288K, used 8138K [0x000000076ab00000, 0x0000000770000000, 0x00000007c0000000)
  eden space 65536K, 0% used [0x000000076ab00000,0x000000076ab00000,0x000000076eb00000)
  from space 10752K, 75% used [0x000000076eb00000,0x000000076f2f2bd8,0x000000076f580000)
  to   space 10752K, 0% used [0x000000076f580000,0x000000076f580000,0x0000000770000000)
 ParOldGen       total 82944K, used 12035K [0x00000006c0000000, 0x00000006c5100000, 0x000000076ab00000)
  object space 82944K, 14% used [0x00000006c0000000,0x00000006c0bc0ec0,0x00000006c5100000)
 Metaspace       used 30730K, capacity 32402K, committed 32512K, reserved 1077248K
  class space    used 4173K, capacity 4518K, committed 4608K, reserved 1048576K
}

